


ARM Macro Assembler    Page 1 


    1 00000000         ; IO.s
    2 00000000         ; Student names: change this to your names or look very 
                       silly
    3 00000000         ; Last modification date: change this to the last modifi
                       cation date or look very silly
    4 00000000         ; Runs on LM4F120/TM4C123
    5 00000000         
    6 00000000         ; EE319K lab 7 device driver for the switch and LED.
    7 00000000         ; You are allowed to use any switch and any LED,
    8 00000000         ; although the Lab suggests the SW1 switch PF4 and Red L
                       ED PF1
    9 00000000         
   10 00000000         ; As part of Lab 7, students need to implement these thr
                       ee functions
   11 00000000         
   12 00000000         ; negative logic SW2 connected to PF0 on the Launchpad
   13 00000000         ; red LED connected to PF1 on the Launchpad
   14 00000000         ; blue LED connected to PF2 on the Launchpad
   15 00000000         ; green LED connected to PF3 on the Launchpad
   16 00000000         ; negative logic SW1 connected to PF4 on the Launchpad
   17 00000000         
   18 00000000                 EXPORT           IO_Init
   19 00000000                 EXPORT           IO_Touch
   20 00000000                 EXPORT           IO_HeartBeat
   21 00000000         
   22 00000000 400253FC 
                       GPIO_PORTF_DATA_R
                               EQU              0x400253FC
   23 00000000 40025400 
                       GPIO_PORTF_DIR_R
                               EQU              0x40025400
   24 00000000 40025420 
                       GPIO_PORTF_AFSEL_R
                               EQU              0x40025420
   25 00000000 40025510 
                       GPIO_PORTF_PUR_R
                               EQU              0x40025510
   26 00000000 4002551C 
                       GPIO_PORTF_DEN_R
                               EQU              0x4002551C
   27 00000000 40025520 
                       GPIO_PORTF_LOCK_R
                               EQU              0x40025520
   28 00000000 40025524 
                       GPIO_PORTF_CR_R
                               EQU              0x40025524
   29 00000000 40025528 
                       GPIO_PORTF_AMSEL_R
                               EQU              0x40025528
   30 00000000 4002552C 
                       GPIO_PORTF_PCTL_R
                               EQU              0x4002552C
   31 00000000 4C4F434B 
                       GPIO_LOCK_KEY
                               EQU              0x4C4F434B  ; Unlocks the GPIO_
                                                            CR register
   32 00000000 40025004 
                       PF0     EQU              0x40025004
   33 00000000 40025008 



ARM Macro Assembler    Page 2 


                       PF1     EQU              0x40025008
   34 00000000 40025010 
                       PF2     EQU              0x40025010
   35 00000000 40025020 
                       PF3     EQU              0x40025020
   36 00000000 40025040 
                       PF4     EQU              0x40025040
   37 00000000 40025038 
                       LEDS    EQU              0x40025038
   38 00000000 00000002 
                       RED     EQU              0x02
   39 00000000 00000004 
                       BLUE    EQU              0x04
   40 00000000 00000008 
                       GREEN   EQU              0x08
   41 00000000 40025044 
                       SWITCHES
                               EQU              0x40025044
   42 00000000 00000010 
                       SW1     EQU              0x10        ; on the left side 
                                                            of the Launchpad bo
                                                            ard
   43 00000000 00000001 
                       SW2     EQU              0x01        ; on the right side
                                                             of the Launchpad b
                                                            oard
   44 00000000 400FE608 
                       SYSCTL_RCGCGPIO_R
                               EQU              0x400FE608
   45 00000000         
   46 00000000                 AREA             |.text|, CODE, READONLY, ALIGN=
2
   47 00000000                 THUMB
   48 00000000         
   49 00000000         
   50 00000000         
   51 00000000         ;------------IO_Init------------
   52 00000000         ; Initialize GPIO Port for a switch and an LED 
   53 00000000         ; Switch=PF0, LED=PF1 
   54 00000000         ; Input: none
   55 00000000         ; Output: none
   56 00000000         ; This is a public function
   57 00000000         ; Invariables: This function must not permanently modify
                        registers R4 to R11
   58 00000000         IO_Init
   59 00000000 4820            LDR              R0, =SYSCTL_RCGCGPIO_R
   60 00000002 6801            LDR              R1, [R0]
   61 00000004 F041 0120       ORR              R1, R1, #0x00000020
   62 00000008 6001            STR              R1, [R0]
   63 0000000A BF00            NOP
   64 0000000C BF00            NOP
   65 0000000E BF00            NOP
   66 00000010 BF00            NOP
   67 00000012         
   68 00000012 481D            LDR              R0, =GPIO_PORTF_LOCK_R
   69 00000014 491D            LDR              R1, =GPIO_LOCK_KEY
   70 00000016 6001            STR              R1, [R0]
   71 00000018 481D            LDR              R0, =GPIO_PORTF_CR_R
   72 0000001A 6801            LDR              R1, [R0]



ARM Macro Assembler    Page 3 


   73 0000001C F041 0103       ORR              R1, R1, #0x00000003
   74 00000020 6001            STR              R1, [R0]
   75 00000022 481C            LDR              R0, =GPIO_PORTF_DIR_R
   76 00000024 6801            LDR              R1, [R0]
   77 00000026 F021 0102       AND              R1, R1, #0xFFFFFFFD
   78 0000002A F041 0102       ORR              R1, R1, #0x00000002
   79 0000002E 6001            STR              R1, [R0]
   80 00000030 4819            LDR              R0, =GPIO_PORTF_AFSEL_R
   81 00000032 6801            LDR              R1, [R0]
   82 00000034 F021 0103       AND              R1, R1, #0xFFFFFFFC
   83 00000038 6001            STR              R1, [R0]
   84 0000003A 4818            LDR              R0, =GPIO_PORTF_PUR_R ;Use PUR 
                                                            for onboard switche
                                                            s?
   85 0000003C 6801            LDR              R1, [R0]
   86 0000003E F041 0101       ORR              R1, R1, #0x00000001
   87 00000042 6001            STR              R1, [R0]
   88 00000044 4816            LDR              R0, =GPIO_PORTF_DEN_R
   89 00000046 6801            LDR              R1, [R0]
   90 00000048 F041 0103       ORR              R1, R1, #0x00000003
   91 0000004C 6001            STR              R1, [R0]
   92 0000004E         
   93 0000004E 4770            BX               LR
   94 00000050         ;* * * * * * * * End of IO_Init * * * * * * * *
   95 00000050         
   96 00000050         ;------------IO_HeartBeat------------
   97 00000050         ; Toggle the output state of the LED.
   98 00000050         ; Input: none
   99 00000050         ; Output: none
  100 00000050         ; This is a public function
  101 00000050         ; Invariables: This function must not permanently modify
                        registers R4 to R11
  102 00000050         IO_HeartBeat
  103 00000050 4814            LDR              R0, =GPIO_PORTF_DATA_R
  104 00000052 6801            LDR              R1,[R0]
  105 00000054 F081 0102       EOR              R1, R1, #2
  106 00000058 6001            STR              R1, [R0]
  107 0000005A         
  108 0000005A         Delay2                               ; Blind Delay
  109 0000005A 4813            LDR              R0, =4000000
  110 0000005C         Wait2
  111 0000005C 1E40            SUBS             R0, R0, #0x01
  112 0000005E D1FD            BNE              Wait2
  113 00000060         
  114 00000060 4770            BX               LR          ; return
  115 00000062         ;* * * * * * * * End of IO_HeartBeat * * * * * * * *
  116 00000062         
  117 00000062         ;------------IO_Touch------------
  118 00000062         ; First: wait for the release of the switch
  119 00000062         ; and then: wait for the touch of the switch
  120 00000062         ; Input: none
  121 00000062         ; Input: none
  122 00000062         ; Output: none
  123 00000062         ; This is a public function
  124 00000062         ; Invariables: This function must not permanently modify
                        registers R4 to R11
  125 00000062         IO_Touch
  126 00000062 4810            LDR              R0, =GPIO_PORTF_DATA_R
  127 00000064         Touched                              ; Loop until releas



ARM Macro Assembler    Page 4 


                                                            ed
  128 00000064 6801            LDR              R1, [R0]
  129 00000066 F001 0101       AND              R1, R1, #0x00000001
  130 0000006A 2900            CMP              R1, #0
  131 0000006C D0FA            BEQ              Touched
  132 0000006E         Released                             ; Loop until touche
                                                            d
  133 0000006E 6801            LDR              R1, [R0]
  134 00000070 F001 0101       AND              R1, R1, #0x00000001
  135 00000074 2901            CMP              R1, #1
  136 00000076 D0FA            BEQ              Released
  137 00000078         Delay                                ; Blind Delay
  138 00000078 F44F 607A       LDR              R0, =4000
  139 0000007C         Wait
  140 0000007C 1E40            SUBS             R0, R0, #0x01
  141 0000007E D1FD            BNE              Wait
  142 00000080 4770            BX               LR          ; return
  143 00000082         ;* * * * * * * * End of IO_Touch * * * * * * * *
  144 00000082         
  145 00000082         
  146 00000082 00 00           ALIGN                        ; make sure the end
                                                             of this section is
                                                             aligned
  147 00000084                 END                          ; end of file
              400FE608 
              40025520 
              4C4F434B 
              40025524 
              40025400 
              40025420 
              40025510 
              4002551C 
              400253FC 
              003D0900 
Command Line: --debug --xref --cpu=Cortex-M4 --apcs=interwork --depend=.\io.d -
o.\io.o -IC:\Keil\ARM\RV31\INC -IC:\Keil\ARM\CMSIS\Include -IC:\Keil\ARM\Inc\Lu
minary --predefine="__EVAL SETA 1" --predefine="__MICROLIB SETA 1" --list=.\io.
lst IO.s



ARM Macro Assembler    Page 1 Alphabetic symbol ordering
Relocatable symbols

.text 00000000

Symbol: .text
   Definitions
      At line 46 in file IO.s
   Uses
      None
Comment: .text unused
Delay 00000078

Symbol: Delay
   Definitions
      At line 137 in file IO.s
   Uses
      None
Comment: Delay unused
Delay2 0000005A

Symbol: Delay2
   Definitions
      At line 108 in file IO.s
   Uses
      None
Comment: Delay2 unused
IO_HeartBeat 00000050

Symbol: IO_HeartBeat
   Definitions
      At line 102 in file IO.s
   Uses
      At line 20 in file IO.s
Comment: IO_HeartBeat used once
IO_Init 00000000

Symbol: IO_Init
   Definitions
      At line 58 in file IO.s
   Uses
      At line 18 in file IO.s
Comment: IO_Init used once
IO_Touch 00000062

Symbol: IO_Touch
   Definitions
      At line 125 in file IO.s
   Uses
      At line 19 in file IO.s
Comment: IO_Touch used once
Released 0000006E

Symbol: Released
   Definitions
      At line 132 in file IO.s
   Uses
      At line 136 in file IO.s
Comment: Released used once
Touched 00000064

Symbol: Touched



ARM Macro Assembler    Page 2 Alphabetic symbol ordering
Relocatable symbols

   Definitions
      At line 127 in file IO.s
   Uses
      At line 131 in file IO.s
Comment: Touched used once
Wait 0000007C

Symbol: Wait
   Definitions
      At line 139 in file IO.s
   Uses
      At line 141 in file IO.s
Comment: Wait used once
Wait2 0000005C

Symbol: Wait2
   Definitions
      At line 110 in file IO.s
   Uses
      At line 112 in file IO.s
Comment: Wait2 used once
10 symbols



ARM Macro Assembler    Page 1 Alphabetic symbol ordering
Absolute symbols

BLUE 00000004

Symbol: BLUE
   Definitions
      At line 39 in file IO.s
   Uses
      None
Comment: BLUE unused
GPIO_LOCK_KEY 4C4F434B

Symbol: GPIO_LOCK_KEY
   Definitions
      At line 31 in file IO.s
   Uses
      At line 69 in file IO.s
Comment: GPIO_LOCK_KEY used once
GPIO_PORTF_AFSEL_R 40025420

Symbol: GPIO_PORTF_AFSEL_R
   Definitions
      At line 24 in file IO.s
   Uses
      At line 80 in file IO.s
Comment: GPIO_PORTF_AFSEL_R used once
GPIO_PORTF_AMSEL_R 40025528

Symbol: GPIO_PORTF_AMSEL_R
   Definitions
      At line 29 in file IO.s
   Uses
      None
Comment: GPIO_PORTF_AMSEL_R unused
GPIO_PORTF_CR_R 40025524

Symbol: GPIO_PORTF_CR_R
   Definitions
      At line 28 in file IO.s
   Uses
      At line 71 in file IO.s
Comment: GPIO_PORTF_CR_R used once
GPIO_PORTF_DATA_R 400253FC

Symbol: GPIO_PORTF_DATA_R
   Definitions
      At line 22 in file IO.s
   Uses
      At line 103 in file IO.s
      At line 126 in file IO.s

GPIO_PORTF_DEN_R 4002551C

Symbol: GPIO_PORTF_DEN_R
   Definitions
      At line 26 in file IO.s
   Uses
      At line 88 in file IO.s
Comment: GPIO_PORTF_DEN_R used once
GPIO_PORTF_DIR_R 40025400




ARM Macro Assembler    Page 2 Alphabetic symbol ordering
Absolute symbols

Symbol: GPIO_PORTF_DIR_R
   Definitions
      At line 23 in file IO.s
   Uses
      At line 75 in file IO.s
Comment: GPIO_PORTF_DIR_R used once
GPIO_PORTF_LOCK_R 40025520

Symbol: GPIO_PORTF_LOCK_R
   Definitions
      At line 27 in file IO.s
   Uses
      At line 68 in file IO.s
Comment: GPIO_PORTF_LOCK_R used once
GPIO_PORTF_PCTL_R 4002552C

Symbol: GPIO_PORTF_PCTL_R
   Definitions
      At line 30 in file IO.s
   Uses
      None
Comment: GPIO_PORTF_PCTL_R unused
GPIO_PORTF_PUR_R 40025510

Symbol: GPIO_PORTF_PUR_R
   Definitions
      At line 25 in file IO.s
   Uses
      At line 84 in file IO.s
Comment: GPIO_PORTF_PUR_R used once
GREEN 00000008

Symbol: GREEN
   Definitions
      At line 40 in file IO.s
   Uses
      None
Comment: GREEN unused
LEDS 40025038

Symbol: LEDS
   Definitions
      At line 37 in file IO.s
   Uses
      None
Comment: LEDS unused
PF0 40025004

Symbol: PF0
   Definitions
      At line 32 in file IO.s
   Uses
      None
Comment: PF0 unused
PF1 40025008

Symbol: PF1
   Definitions
      At line 33 in file IO.s



ARM Macro Assembler    Page 3 Alphabetic symbol ordering
Absolute symbols

   Uses
      None
Comment: PF1 unused
PF2 40025010

Symbol: PF2
   Definitions
      At line 34 in file IO.s
   Uses
      None
Comment: PF2 unused
PF3 40025020

Symbol: PF3
   Definitions
      At line 35 in file IO.s
   Uses
      None
Comment: PF3 unused
PF4 40025040

Symbol: PF4
   Definitions
      At line 36 in file IO.s
   Uses
      None
Comment: PF4 unused
RED 00000002

Symbol: RED
   Definitions
      At line 38 in file IO.s
   Uses
      None
Comment: RED unused
SW1 00000010

Symbol: SW1
   Definitions
      At line 42 in file IO.s
   Uses
      None
Comment: SW1 unused
SW2 00000001

Symbol: SW2
   Definitions
      At line 43 in file IO.s
   Uses
      None
Comment: SW2 unused
SWITCHES 40025044

Symbol: SWITCHES
   Definitions
      At line 41 in file IO.s
   Uses
      None
Comment: SWITCHES unused



ARM Macro Assembler    Page 4 Alphabetic symbol ordering
Absolute symbols

SYSCTL_RCGCGPIO_R 400FE608

Symbol: SYSCTL_RCGCGPIO_R
   Definitions
      At line 44 in file IO.s
   Uses
      At line 59 in file IO.s
Comment: SYSCTL_RCGCGPIO_R used once
23 symbols
367 symbols in table
